Flow report for REGUAAUTOMATIZADA
Wed Jun  5 16:45:55 2024
Quartus Prime Version 20.1.1 Build 720 11/11/2020 SJ Lite Edition


---------------------
; Table of Contents ;
---------------------
  1. Legal Notice
  2. Flow Summary
  3. Flow Settings
  4. Flow Non-Default Global Settings
  5. Flow Elapsed Time
  6. Flow OS Summary
  7. Flow Log
  8. Flow Messages
  9. Flow Suppressed Messages



----------------
; Legal Notice ;
----------------
Copyright (C) 2020  Intel Corporation. All rights reserved.
Your use of Intel Corporation's design tools, logic functions 
and other software and tools, and any partner logic 
functions, and any output files from any of the foregoing 
(including device programming or simulation files), and any 
associated documentation or information are expressly subject 
to the terms and conditions of the Intel Program License 
Subscription Agreement, the Intel Quartus Prime License Agreement,
the Intel FPGA IP License Agreement, or other applicable license
agreement, including, without limitation, that your use is for
the sole purpose of programming logic devices manufactured by
Intel and sold by Intel or its authorized distributors.  Please
refer to the applicable agreement for further details, at
https://fpgasoftware.intel.com/eula.



+---------------------------------------------------------------------+
; Flow Summary                                                        ;
+-----------------------+---------------------------------------------+
; Flow Status           ; Successful - Wed Jun  5 16:45:54 2024       ;
; Quartus Prime Version ; 20.1.1 Build 720 11/11/2020 SJ Lite Edition ;
; Revision Name         ; REGUAAUTOMATIZADA                           ;
; Top-level Entity Name ; system                                      ;
; Family                ; MAX II                                      ;
; Device                ; EPM240T100C5                                ;
; Timing Models         ; Final                                       ;
; Total logic elements  ; 134 / 240 ( 56 % )                          ;
; Total pins            ; 34 / 80 ( 43 % )                            ;
; Total virtual pins    ; 0                                           ;
; UFM blocks            ; 0 / 1 ( 0 % )                               ;
+-----------------------+---------------------------------------------+


+-----------------------------------------+
; Flow Settings                           ;
+-------------------+---------------------+
; Option            ; Setting             ;
+-------------------+---------------------+
; Start date & time ; 06/05/2024 16:45:46 ;
; Main task         ; Compilation         ;
; Revision Name     ; REGUAAUTOMATIZADA   ;
+-------------------+---------------------+


+-----------------------------------------------------------------------------------------------------------------------------------+
; Flow Non-Default Global Settings                                                                                                  ;
+-------------------------------------------------+---------------------------------+--------------------+-------------+------------+
; Assignment Name                                 ; Value                           ; Default Value      ; Entity Name ; Section Id ;
+-------------------------------------------------+---------------------------------+--------------------+-------------+------------+
; ADV_NETLIST_OPT_SYNTH_WYSIWYG_REMAP             ; On                              ; Off                ; --          ; --         ;
; ALLOW_SHIFT_REGISTER_MERGING_ACROSS_HIERARCHIES ; Always                          ; Auto               ; --          ; --         ;
; AUTO_SHIFT_REGISTER_RECOGNITION                 ; Always                          ; Auto               ; --          ; --         ;
; COMPILER_SIGNATURE_ID                           ; 159209604734156.171761674610015 ; --                 ; --          ; --         ;
; FITTER_AGGRESSIVE_ROUTABILITY_OPTIMIZATION      ; Always                          ; Automatically      ; --          ; --         ;
; FITTER_EFFORT                                   ; Standard Fit                    ; Auto Fit           ; --          ; --         ;
; MAXII_OPTIMIZATION_TECHNIQUE                    ; Area                            ; Balanced           ; --          ; --         ;
; MAX_CORE_JUNCTION_TEMP                          ; 85                              ; --                 ; --          ; --         ;
; MIN_CORE_JUNCTION_TEMP                          ; 0                               ; --                 ; --          ; --         ;
; MUX_RESTRUCTURE                                 ; On                              ; Auto               ; --          ; --         ;
; OPTIMIZE_TIMING                                 ; Off                             ; Normal compilation ; --          ; --         ;
; POWER_EXT_SUPPLY_VOLTAGE_TO_REGULATOR           ; 3.3V                            ; --                 ; --          ; --         ;
; POWER_PRESET_COOLING_SOLUTION                   ; No Heat Sink With Still Air     ; --                 ; --          ; --         ;
; PROJECT_OUTPUT_DIRECTORY                        ; output_files                    ; --                 ; --          ; --         ;
; REMOVE_REDUNDANT_LOGIC_CELLS                    ; On                              ; Off                ; --          ; --         ;
; SMART_RECOMPILE                                 ; On                              ; Off                ; --          ; --         ;
; TOP_LEVEL_ENTITY                                ; system                          ; REGUAAUTOMATIZADA  ; --          ; --         ;
+-------------------------------------------------+---------------------------------+--------------------+-------------+------------+


+--------------------------------------------------------------------------------------------------------------------------+
; Flow Elapsed Time                                                                                                        ;
+----------------------+--------------+-------------------------+---------------------+------------------------------------+
; Module Name          ; Elapsed Time ; Average Processors Used ; Peak Virtual Memory ; Total CPU Time (on all processors) ;
+----------------------+--------------+-------------------------+---------------------+------------------------------------+
; Analysis & Synthesis ; 00:00:06     ; 1.0                     ; 341 MB              ; 00:00:11                           ;
; Fitter               ; 00:00:01     ; 1.0                     ; 855 MB              ; 00:00:01                           ;
; Assembler            ; 00:00:01     ; 1.0                     ; 326 MB              ; 00:00:00                           ;
; Timing Analyzer      ; 00:00:01     ; 1.0                     ; 365 MB              ; 00:00:01                           ;
; Total                ; 00:00:09     ; --                      ; --                  ; 00:00:13                           ;
+----------------------+--------------+-------------------------+---------------------+------------------------------------+


+----------------------------------------------------------------------------------------+
; Flow OS Summary                                                                        ;
+----------------------+------------------+----------------+------------+----------------+
; Module Name          ; Machine Hostname ; OS Name        ; OS Version ; Processor type ;
+----------------------+------------------+----------------+------------+----------------+
; Analysis & Synthesis ; LEDS-45036       ; Ubuntu 20.04.6 ; 20         ; x86_64         ;
; Fitter               ; LEDS-45036       ; Ubuntu 20.04.6 ; 20         ; x86_64         ;
; Assembler            ; LEDS-45036       ; Ubuntu 20.04.6 ; 20         ; x86_64         ;
; Timing Analyzer      ; LEDS-45036       ; Ubuntu 20.04.6 ; 20         ; x86_64         ;
+----------------------+------------------+----------------+------------+----------------+


------------
; Flow Log ;
------------
quartus_map --read_settings_files=on --write_settings_files=off REGUAAUTOMATIZADA -c REGUAAUTOMATIZADA
quartus_fit --read_settings_files=off --write_settings_files=off REGUAAUTOMATIZADA -c REGUAAUTOMATIZADA
quartus_asm --read_settings_files=off --write_settings_files=off REGUAAUTOMATIZADA -c REGUAAUTOMATIZADA
quartus_sta REGUAAUTOMATIZADA -c REGUAAUTOMATIZADA



